Unity Editor version:    2020.3.20f1 (41c4e627c95f)
Branch:                  2020.3/staging
Build type:              Release
Batch mode:              YES
macOS version:           Version 11.6 (Build 20G165)
Darwin version:          20.6.0
Architecture:            x86_64
Running under Rosetta:   YES
Available memory:        8192 MB
Using pre-set license
Pro License: NO

COMMAND LINE ARGUMENTS:
/Applications/Unity/Hub/Editor/2020.3.20f1/Unity.app/Contents/MacOS/Unity
-adb2
-batchMode
-noUpm
-name
AssetImportWorker0
-projectPath
/Users/kyoheisasaki/Repositories/okyaku-ios-public
-logFile
Logs/AssetImportWorker0.log
-srvPort
57985
Successfully changed project path to: /Users/kyoheisasaki/Repositories/okyaku-ios-public
/Users/kyoheisasaki/Repositories/okyaku-ios-public
Using Asset Import Pipeline V2.
Refreshing native plugins compatible for Editor in 85.87 ms, found 2 plugins.
Preloading 0 native plugins for Editor in 0.00 ms.
Initialize engine version: 2020.3.20f1 (41c4e627c95f)
[Subsystems] Discovering subsystems at path /Applications/Unity/Hub/Editor/2020.3.20f1/Unity.app/Contents/Resources/UnitySubsystems
[Subsystems] Discovering subsystems at path /Users/kyoheisasaki/Repositories/okyaku-ios-public/Assets
GfxDevice: creating device client; threaded=0
2022-03-24 16:34:10.009 Unity[45015:15733699] (null) preferred device: Apple M1 (high power)
2022-03-24 16:34:10.009 Unity[45015:15733699] Metal devices available: 1
2022-03-24 16:34:10.009 Unity[45015:15733699] 0: Apple M1 (high power)
2022-03-24 16:34:10.010 Unity[45015:15733699] Using device Apple M1 (high power)
Initializing Metal device caps: Apple M1
Initialize mono
Mono path[0] = '/Applications/Unity/Hub/Editor/2020.3.20f1/Unity.app/Contents/Managed'
Mono path[1] = '/Applications/Unity/Hub/Editor/2020.3.20f1/Unity.app/Contents/MonoBleedingEdge/lib/mono/unityjit'
Mono config path = '/Applications/Unity/Hub/Editor/2020.3.20f1/Unity.app/Contents/MonoBleedingEdge/etc'
Using monoOptions --debugger-agent=transport=dt_socket,embedding=1,server=y,suspend=n,address=127.0.0.1:56015
Begin MonoManager ReloadAssembly
Registering precompiled unity dll's ...
Register platform support module: /Applications/Unity/Hub/Editor/2020.3.20f1/Unity.app/Contents/PlaybackEngines/MacStandaloneSupport/UnityEditor.OSXStandalone.Extensions.dll
Registered in 0.001737 seconds.
Native extension for OSXStandalone target not found
Refreshing native plugins compatible for Editor in 50.87 ms, found 2 plugins.
Preloading 0 native plugins for Editor in 0.00 ms.
Mono: successfully reloaded assembly
- Completed reload, in  2.372 seconds
Domain Reload Profiling:
	ReloadAssembly (2372ms)
		BeginReloadAssembly (107ms)
			ExecutionOrderSort (0ms)
			DisableScriptedObjects (0ms)
			BackupInstance (0ms)
			ReleaseScriptingObjects (0ms)
			CreateAndSetChildDomain (3ms)
		EndReloadAssembly (895ms)
			LoadAssemblies (104ms)
			RebuildTransferFunctionScriptingTraits (1ms)
			SetupTypeCache (188ms)
			ReleaseScriptCaches (0ms)
			RebuildScriptCaches (42ms)
			SetupLoadedEditorAssemblies (516ms)
				LogAssemblyErrors (0ms)
				InitializePlatformSupportModulesInManaged (9ms)
				SetLoadedEditorAssemblies (1ms)
				RefreshPlugins (51ms)
				BeforeProcessingInitializeOnLoad (83ms)
				ProcessInitializeOnLoadAttributes (282ms)
				ProcessInitializeOnLoadMethodAttributes (89ms)
				AfterProcessingInitializeOnLoad (0ms)
				EditorAssembliesLoaded (1ms)
			ExecutionOrderSort2 (0ms)
			AwakeInstancesAfterBackupRestoration (0ms)
Platform modules already initialized, skipping
Registering precompiled user dll's ...
Registered in 0.004095 seconds.
Begin MonoManager ReloadAssembly
Native extension for OSXStandalone target not found
Refreshing native plugins compatible for Editor in 0.88 ms, found 2 plugins.
Preloading 0 native plugins for Editor in 0.00 ms.
Mono: successfully reloaded assembly
- Completed reload, in  2.669 seconds
Domain Reload Profiling:
	ReloadAssembly (2670ms)
		BeginReloadAssembly (255ms)
			ExecutionOrderSort (0ms)
			DisableScriptedObjects (29ms)
			BackupInstance (0ms)
			ReleaseScriptingObjects (0ms)
			CreateAndSetChildDomain (40ms)
		EndReloadAssembly (2323ms)
			LoadAssemblies (175ms)
			RebuildTransferFunctionScriptingTraits (0ms)
			SetupTypeCache (378ms)
			ReleaseScriptCaches (1ms)
			RebuildScriptCaches (63ms)
			SetupLoadedEditorAssemblies (1465ms)
				LogAssemblyErrors (0ms)
				InitializePlatformSupportModulesInManaged (16ms)
				SetLoadedEditorAssemblies (2ms)
				RefreshPlugins (1ms)
				BeforeProcessingInitializeOnLoad (202ms)
				ProcessInitializeOnLoadAttributes (1171ms)
				ProcessInitializeOnLoadMethodAttributes (72ms)
				AfterProcessingInitializeOnLoad (1ms)
				EditorAssembliesLoaded (0ms)
			ExecutionOrderSort2 (0ms)
			AwakeInstancesAfterBackupRestoration (36ms)
Platform modules already initialized, skipping
Validating Project structure ... 0.011637 seconds.
Shader import version has changed; will reimport all shaders...
Upgrading shader files ...0.027522 seconds.
Application.AssetDatabase Initial Script Refresh Start
RefreshInfo: InitialScriptRefreshV2(NoUpdateAssetOptions) scanfilter:  ... 1 filters
RefreshProfiler: Total: 0.000ms
Application.AssetDatabase Initial Script Refresh End
Application.AssetDatabase.Refresh Start
Application.AssetDatabase.Refresh End
RefreshInfo: StopAssetImportingV2(ForceSynchronousImport) scanfilter: 
RefreshProfiler: Total: 0.000ms
Launching external process: /Applications/Unity/Hub/Editor/2020.3.20f1/Unity.app/Contents/Tools/UnityShaderCompiler
Launched and connected shader compiler UnityShaderCompiler after 0.03 seconds
Initializing Unity extensions:
[C# Project] Writing /Users/kyoheisasaki/Repositories/okyaku-ios-public/okyaku-ios-public.sln because it has changed
[C# Project] First difference on line 3

[C# Project] Current /Users/kyoheisasaki/Repositories/okyaku-ios-public/okyaku-ios-public.sln:
[C# Project]   003: Project("{FAE04EC0-301F-11D3-BF4B-00C04F79EFBC}") = "Assembly-CSharp-firstpass", "Assembly-CSharp-firstpass.csproj", "{1DE4F8AC-BBA3-B3C9-CF65-6190C95D0312}"
[C# Project]   004: EndProject
[C# Project]   005: Project("{FAE04EC0-301F-11D3-BF4B-00C04F79EFBC}") = "Assembly-CSharp", "Assembly-CSharp.csproj", "{EE582ECB-0761-13E8-E962-8C20CF627B68}"
[C# Project]   006: EndProject
[C# Project]   007: Project("{FAE04EC0-301F-11D3-BF4B-00C04F79EFBC}") = "Assembly-CSharp-Editor", "Assembly-CSharp-Editor.csproj", "{6D509EB4-2370-417A-3D2D-B12DD51A7D2D}"

[C# Project] New /Users/kyoheisasaki/Repositories/okyaku-ios-public/okyaku-ios-public.sln:
[C# Project]   003: Project("{FAE04EC0-301F-11D3-BF4B-00C04F79EFBC}") = "UnityEngine.UI", "UnityEngine.UI.csproj", "{6C9B915F-5036-D3D1-86B0-83292B780605}"
[C# Project]   004: EndProject
[C# Project]   005: Project("{FAE04EC0-301F-11D3-BF4B-00C04F79EFBC}") = "Assembly-CSharp-firstpass", "Assembly-CSharp-firstpass.csproj", "{1DE4F8AC-BBA3-B3C9-CF65-6190C95D0312}"
[C# Project]   006: EndProject
[C# Project]   007: Project("{FAE04EC0-301F-11D3-BF4B-00C04F79EFBC}") = "UnityEngine.TestRunner", "UnityEngine.TestRunner.csproj", "{C7912BBE-3047-3F02-4A07-FF3318A8C24D}"
[C# Project] Writing /Users/kyoheisasaki/Repositories/okyaku-ios-public/Assembly-CSharp-firstpass.csproj because it has changed
[C# Project] First difference on line 820

[C# Project] Current /Users/kyoheisasaki/Repositories/okyaku-ios-public/Assembly-CSharp-firstpass.csproj:
[C# Project]   820:     <Reference Include="Purchasing.Common">
[C# Project]   821:       <HintPath>/Users/kyoheisasaki/Repositories/okyaku-ios-public/Library/ScriptAssemblies/Purchasing.Common.dll</HintPath>
[C# Project]   822:     </Reference>
[C# Project]   823:     <Reference Include="Unity.VSCode.Editor">
[C# Project]   824:       <HintPath>/Users/kyoheisasaki/Repositories/okyaku-ios-public/Library/ScriptAssemblies/Unity.VSCode.Editor.dll</HintPath>

[C# Project] New /Users/kyoheisasaki/Repositories/okyaku-ios-public/Assembly-CSharp-firstpass.csproj:
[C# Project]   820:     <Reference Include="Microsoft.CSharp">
[C# Project]   821:       <HintPath>/Applications/Unity/Hub/Editor/2020.3.20f1/Unity.app/Contents/MonoBleedingEdge/lib/mono/4.7.1-api/Microsoft.CSharp.dll</HintPath>
[C# Project]   822:     </Reference>
[C# Project]   823:   </ItemGroup>
[C# Project]   824:   <ItemGroup>
[C# Project] Writing /Users/kyoheisasaki/Repositories/okyaku-ios-public/Assembly-CSharp.csproj because it has changed
[C# Project] First difference on line 1036

[C# Project] Current /Users/kyoheisasaki/Repositories/okyaku-ios-public/Assembly-CSharp.csproj:
[C# Project]   1036:     <Reference Include="Purchasing.Common">
[C# Project]   1037:       <HintPath>/Users/kyoheisasaki/Repositories/okyaku-ios-public/Library/ScriptAssemblies/Purchasing.Common.dll</HintPath>
[C# Project]   1038:     </Reference>
[C# Project]   1039:     <Reference Include="Unity.VSCode.Editor">
[C# Project]   1040:       <HintPath>/Users/kyoheisasaki/Repositories/okyaku-ios-public/Library/ScriptAssemblies/Unity.VSCode.Editor.dll</HintPath>

[C# Project] New /Users/kyoheisasaki/Repositories/okyaku-ios-public/Assembly-CSharp.csproj:
[C# Project]   1036:     <Reference Include="Microsoft.CSharp">
[C# Project]   1037:       <HintPath>/Applications/Unity/Hub/Editor/2020.3.20f1/Unity.app/Contents/MonoBleedingEdge/lib/mono/4.7.1-api/Microsoft.CSharp.dll</HintPath>
[C# Project]   1038:     </Reference>
[C# Project]   1039:   </ItemGroup>
[C# Project]   1040:   <ItemGroup>
[C# Project] Writing /Users/kyoheisasaki/Repositories/okyaku-ios-public/Assembly-CSharp-Editor.csproj because it has changed
[C# Project] First difference on line 744

[C# Project] Current /Users/kyoheisasaki/Repositories/okyaku-ios-public/Assembly-CSharp-Editor.csproj:
[C# Project]   744:     <Reference Include="UnityEngine.TestRunner">
[C# Project]   745:       <HintPath>/Users/kyoheisasaki/Repositories/okyaku-ios-public/Library/ScriptAssemblies/UnityEngine.TestRunner.dll</HintPath>
[C# Project]   746:     </Reference>
[C# Project]   747:     <Reference Include="UnityEditor.TestRunner">
[C# Project]   748:       <HintPath>/Users/kyoheisasaki/Repositories/okyaku-ios-public/Library/ScriptAssemblies/UnityEditor.TestRunner.dll</HintPath>

[C# Project] New /Users/kyoheisasaki/Repositories/okyaku-ios-public/Assembly-CSharp-Editor.csproj:
[C# Project]   744:     <Reference Include="Microsoft.CSharp">
[C# Project]   745:       <HintPath>/Applications/Unity/Hub/Editor/2020.3.20f1/Unity.app/Contents/MonoBleedingEdge/lib/mono/4.7.1-api/Microsoft.CSharp.dll</HintPath>
[C# Project]   746:     </Reference>
[C# Project]   747:   </ItemGroup>
[C# Project]   748:   <ItemGroup>
[C# Project] Writing /Users/kyoheisasaki/Repositories/okyaku-ios-public/Assembly-CSharp-Editor-firstpass.csproj because it has changed
[C# Project] First difference on line 717

[C# Project] Current /Users/kyoheisasaki/Repositories/okyaku-ios-public/Assembly-CSharp-Editor-firstpass.csproj:
[C# Project]   717:     <Reference Include="UnityEngine.TestRunner">
[C# Project]   718:       <HintPath>/Users/kyoheisasaki/Repositories/okyaku-ios-public/Library/ScriptAssemblies/UnityEngine.TestRunner.dll</HintPath>
[C# Project]   719:     </Reference>
[C# Project]   720:     <Reference Include="UnityEditor.TestRunner">
[C# Project]   721:       <HintPath>/Users/kyoheisasaki/Repositories/okyaku-ios-public/Library/ScriptAssemblies/UnityEditor.TestRunner.dll</HintPath>

[C# Project] New /Users/kyoheisasaki/Repositories/okyaku-ios-public/Assembly-CSharp-Editor-firstpass.csproj:
[C# Project]   717:     <Reference Include="Microsoft.CSharp">
[C# Project]   718:       <HintPath>/Applications/Unity/Hub/Editor/2020.3.20f1/Unity.app/Contents/MonoBleedingEdge/lib/mono/4.7.1-api/Microsoft.CSharp.dll</HintPath>
[C# Project]   719:     </Reference>
[C# Project]   720:   </ItemGroup>
[C# Project]   721:   <ItemGroup>
========================================================================
Worker process is ready to serve import requests
Refreshing native plugins compatible for Editor in 0.73 ms, found 2 plugins.
Preloading 0 native plugins for Editor in 0.00 ms.
Unloading 2699 Unused Serialized files (Serialized files now loaded: 0)
System memory in use before: 216.1 MB.
System memory in use after: 215.3 MB.

Unloading 278 unused Assets to reduce memory usage. Loaded Objects now: 3126.
Total: 5.064958 ms (FindLiveObjects: 0.189000 ms CreateObjectMapping: 0.059250 ms MarkObjects: 4.355833 ms  DeleteObjects: 0.460000 ms)

AssetImportParameters requested are different than current active one (requested -> active):
  custom:video-decoder-ogg-theora: a1e56fd34408186e4bbccfd4996cb3dc -> 
  custom:container-muxer-webm: aa71ff27fc2769a1b78a27578f13a17b -> 
  custom:container-demuxer-webm: 4f35f7cbe854078d1ac9338744f61a02 -> 
  custom:container-demuxer-ogg: 62fdf1f143b41e24485cea50d1cbac27 -> 
  custom:video-encoder-webm-vp8: eb34c28f22e8b96e1ab97ce403110664 -> 
  custom:framework-osx-AVFoundation: e770b220cccbd017edd2c1fefb359320 -> 
  custom:video-decoder-webm-vp8: 9c59270c3fd7afecdb556c50c9e8de78 -> 
  custom:audio-decoder-ogg-vorbis: bf7c407c2cedff20999df2af8eb42d56 -> 
  custom:audio-encoder-webm-vorbis: bf7c407c2cedff20999df2af8eb42d56 -> 
========================================================================
Received Import Request.
  path: Assets/Scenes/gameScene.unity
  artifactKey: Guid(2c0bd59d57de04ca081b8d653d1aec33) Importer(815301076,1909f56bfc062723c751e8b465ee728b)
Start importing Assets/Scenes/gameScene.unity using Guid(2c0bd59d57de04ca081b8d653d1aec33) Importer(815301076,1909f56bfc062723c751e8b465ee728b)  -> (artifact id: '90218dda61bf1e6245cab38b12a96e09') in 0.018966 seconds 
  Import took 0.022385 seconds .

========================================================================
Received Import Request.
  Time since last request: 4.628012 seconds.
  path: Assets/Scenes/menuScene.unity
  artifactKey: Guid(a226bb48507d040978e27fe032f4ffac) Importer(815301076,1909f56bfc062723c751e8b465ee728b)
Start importing Assets/Scenes/menuScene.unity using Guid(a226bb48507d040978e27fe032f4ffac) Importer(815301076,1909f56bfc062723c751e8b465ee728b)  -> (artifact id: '1a4e36779c71d25933a221add7e8b8c9') in 0.002171 seconds 
  Import took 0.008504 seconds .

========================================================================
Received Import Request.
  Time since last request: 12.740129 seconds.
  path: Assets/Scenes/startScene.unity
  artifactKey: Guid(2f63196c03b2e480ebe915d2b4b0ee2a) Importer(815301076,1909f56bfc062723c751e8b465ee728b)
Start importing Assets/Scenes/startScene.unity using Guid(2f63196c03b2e480ebe915d2b4b0ee2a) Importer(815301076,1909f56bfc062723c751e8b465ee728b)  -> (artifact id: '2f3c108f1dffc2ef70a500d865c45984') in 0.002381 seconds 
  Import took 0.012560 seconds .

